<?xml version="1.0" encoding="UTF-8"?>
<testng-results ignored="0" total="1" passed="1" failed="0" skipped="0">
  <reporter-output>
  </reporter-output>
  <suite started-at="2022-08-12T11:00:06 IST" name="Default suite" finished-at="2022-08-12T11:00:44 IST" duration-ms="38080">
    <groups>
    </groups>
    <test started-at="2022-08-12T11:00:06 IST" name="Default test" finished-at="2022-08-12T11:00:44 IST" duration-ms="38080">
      <class name="project_name_group_id.tests.HomePageTest">
        <test-method is-config="true" signature="beforeSetup()[pri:0, instance:project_name_group_id.tests.HomePageTest@3cebbb30]" started-at="2022-08-12T11:00:06 IST" name="beforeSetup" finished-at="2022-08-12T11:00:37 IST" duration-ms="31738" status="PASS">
          <reporter-output>
          </reporter-output>
        </test-method> <!-- beforeSetup -->
        <test-method signature="verifyHomePageLoadedSuccessfully()[pri:0, instance:project_name_group_id.tests.HomePageTest@3cebbb30]" started-at="2022-08-12T11:00:37 IST" name="verifyHomePageLoadedSuccessfully" finished-at="2022-08-12T11:00:43 IST" duration-ms="5118" status="PASS">
          <reporter-output>
          </reporter-output>
        </test-method> <!-- verifyHomePageLoadedSuccessfully -->
        <test-method is-config="true" signature="teardown()[pri:0, instance:project_name_group_id.tests.HomePageTest@3cebbb30]" started-at="2022-08-12T11:00:43 IST" name="teardown" finished-at="2022-08-12T11:00:44 IST" duration-ms="1173" status="PASS">
          <reporter-output>
          </reporter-output>
        </test-method> <!-- teardown -->
      </class> <!-- project_name_group_id.tests.HomePageTest -->
    </test> <!-- Default test -->
  </suite> <!-- Default suite -->
</testng-results>
